Determining if the pthread_create exist failed with the following output:
Change Dir: /home/parallels/catkin_ws/src/cad4x_ros/build/catkin_tools_prebuild/CMakeFiles/CMakeTmp

Run Build Command:"/usr/bin/make" "cmTC_7b360/fast"
/usr/bin/make -f CMakeFiles/cmTC_7b360.dir/build.make CMakeFiles/cmTC_7b360.dir/build
make[1]: Entering directory '/home/parallels/catkin_ws/src/cad4x_ros/build/catkin_tools_prebuild/CMakeFiles/CMakeTmp'
Building C object CMakeFiles/cmTC_7b360.dir/CheckSymbolExists.c.o
/usr/bin/cc     -o CMakeFiles/cmTC_7b360.dir/CheckSymbolExists.c.o   -c /home/parallels/catkin_ws/src/cad4x_ros/build/catkin_tools_prebuild/CMakeFiles/CMakeTmp/CheckSymbolExists.c
Linking C executable cmTC_7b360
/usr/bin/cmake -E cmake_link_script CMakeFiles/cmTC_7b360.dir/link.txt --verbose=1
/usr/bin/cc       CMakeFiles/cmTC_7b360.dir/CheckSymbolExists.c.o  -o cmTC_7b360 -rdynamic 
CMakeFiles/cmTC_7b360.dir/CheckSymbolExists.c.o: In function `main':
CheckSymbolExists.c:(.text+0x16): undefined reference to `pthread_create'
collect2: error: ld returned 1 exit status
CMakeFiles/cmTC_7b360.dir/build.make:97: recipe for target 'cmTC_7b360' failed
make[1]: *** [cmTC_7b360] Error 1
make[1]: Leaving directory '/home/parallels/catkin_ws/src/cad4x_ros/build/catkin_tools_prebuild/CMakeFiles/CMakeTmp'
Makefile:126: recipe for target 'cmTC_7b360/fast' failed
make: *** [cmTC_7b360/fast] Error 2

File /home/parallels/catkin_ws/src/cad4x_ros/build/catkin_tools_prebuild/CMakeFiles/CMakeTmp/CheckSymbolExists.c:
/* */
#include <pthread.h>

int main(int argc, char** argv)
{
  (void)argv;
#ifndef pthread_create
  return ((int*)(&pthread_create))[argc];
#else
  (void)argc;
  return 0;
#endif
}

Determining if the function pthread_create exists in the pthreads failed with the following output:
Change Dir: /home/parallels/catkin_ws/src/cad4x_ros/build/catkin_tools_prebuild/CMakeFiles/CMakeTmp

Run Build Command:"/usr/bin/make" "cmTC_72f9f/fast"
/usr/bin/make -f CMakeFiles/cmTC_72f9f.dir/build.make CMakeFiles/cmTC_72f9f.dir/build
make[1]: Entering directory '/home/parallels/catkin_ws/src/cad4x_ros/build/catkin_tools_prebuild/CMakeFiles/CMakeTmp'
Building C object CMakeFiles/cmTC_72f9f.dir/CheckFunctionExists.c.o
/usr/bin/cc    -DCHECK_FUNCTION_EXISTS=pthread_create   -o CMakeFiles/cmTC_72f9f.dir/CheckFunctionExists.c.o   -c /usr/share/cmake-3.5/Modules/CheckFunctionExists.c
Linking C executable cmTC_72f9f
/usr/bin/cmake -E cmake_link_script CMakeFiles/cmTC_72f9f.dir/link.txt --verbose=1
/usr/bin/cc   -DCHECK_FUNCTION_EXISTS=pthread_create    CMakeFiles/cmTC_72f9f.dir/CheckFunctionExists.c.o  -o cmTC_72f9f -rdynamic -lpthreads 
/usr/bin/ld: cannot find -lpthreads
collect2: error: ld returned 1 exit status
CMakeFiles/cmTC_72f9f.dir/build.make:97: recipe for target 'cmTC_72f9f' failed
make[1]: *** [cmTC_72f9f] Error 1
make[1]: Leaving directory '/home/parallels/catkin_ws/src/cad4x_ros/build/catkin_tools_prebuild/CMakeFiles/CMakeTmp'
Makefile:126: recipe for target 'cmTC_72f9f/fast' failed
make: *** [cmTC_72f9f/fast] Error 2


